CRITICAL - 2023-06-23 08:22:11 --> syntax error, unexpected token "=", expecting "]"
in APPPATH\Controllers\Mahasiswa.php on line 11.
 1 SYSTEMPATH\Router\Router.php(507): CodeIgniter\Router\AutoRouter->getRoute('mahasiswa/about')
 2 SYSTEMPATH\Router\Router.php(206): CodeIgniter\Router\Router->autoRoute('mahasiswa/about')
 3 SYSTEMPATH\CodeIgniter.php(815): CodeIgniter\Router\Router->handle('mahasiswa/about')
 4 SYSTEMPATH\CodeIgniter.php(449): CodeIgniter\CodeIgniter->tryToRouteIt(Object(CodeIgniter\Router\RouteCollection))
 5 SYSTEMPATH\CodeIgniter.php(368): CodeIgniter\CodeIgniter->handleRequest(null, Object(Config\Cache), false)
 6 FCPATH\index.php(67): CodeIgniter\CodeIgniter->run()
 7 SYSTEMPATH\Commands\Server\rewrite.php(47): require_once('C:\\xampp\\htdocs\\mahasiswa\\public\\index.php')
CRITICAL - 2023-06-23 09:24:57 --> Undefined variable $extend
in APPPATH\Views\mahasiswa\detail.php on line 1.
 1 APPPATH\Views\mahasiswa\detail.php(1): CodeIgniter\Debug\Exceptions->errorHandler(2, 'Undefined variable $extend', 'C:\\xampp\\htdocs\\mahasiswa\\app\\Views\\mahasiswa\\detail.php', 1)
 2 SYSTEMPATH\View\View.php(213): include('C:\\xampp\\htdocs\\mahasiswa\\app\\Views\\mahasiswa\\detail.php')
 3 SYSTEMPATH\View\View.php(216): CodeIgniter\View\View->CodeIgniter\View\{closure}()
 4 SYSTEMPATH\Common.php(1184): CodeIgniter\View\View->render('mahasiswa/detail', [], true)
 5 APPPATH\Controllers\Mahasiswa.php(40): view('mahasiswa/detail')
 6 SYSTEMPATH\CodeIgniter.php(934): App\Controllers\Mahasiswa->detail()
 7 SYSTEMPATH\CodeIgniter.php(499): CodeIgniter\CodeIgniter->runController(Object(App\Controllers\Mahasiswa))
 8 SYSTEMPATH\CodeIgniter.php(368): CodeIgniter\CodeIgniter->handleRequest(null, Object(Config\Cache), false)
 9 FCPATH\index.php(67): CodeIgniter\CodeIgniter->run()
10 SYSTEMPATH\Commands\Server\rewrite.php(47): require_once('C:\\xampp\\htdocs\\mahasiswa\\public\\index.php')
CRITICAL - 2023-06-23 09:26:02 --> Undefined variable $extend
in APPPATH\Views\mahasiswa\detail.php on line 1.
 1 APPPATH\Views\mahasiswa\detail.php(1): CodeIgniter\Debug\Exceptions->errorHandler(2, 'Undefined variable $extend', 'C:\\xampp\\htdocs\\mahasiswa\\app\\Views\\mahasiswa\\detail.php', 1)
 2 SYSTEMPATH\View\View.php(213): include('C:\\xampp\\htdocs\\mahasiswa\\app\\Views\\mahasiswa\\detail.php')
 3 SYSTEMPATH\View\View.php(216): CodeIgniter\View\View->CodeIgniter\View\{closure}()
 4 SYSTEMPATH\Common.php(1184): CodeIgniter\View\View->render('mahasiswa/detail', [], true)
 5 APPPATH\Controllers\Mahasiswa.php(40): view('mahasiswa/detail')
 6 SYSTEMPATH\CodeIgniter.php(934): App\Controllers\Mahasiswa->detail()
 7 SYSTEMPATH\CodeIgniter.php(499): CodeIgniter\CodeIgniter->runController(Object(App\Controllers\Mahasiswa))
 8 SYSTEMPATH\CodeIgniter.php(368): CodeIgniter\CodeIgniter->handleRequest(null, Object(Config\Cache), false)
 9 FCPATH\index.php(67): CodeIgniter\CodeIgniter->run()
10 SYSTEMPATH\Commands\Server\rewrite.php(47): require_once('C:\\xampp\\htdocs\\mahasiswa\\public\\index.php')
CRITICAL - 2023-06-23 09:26:03 --> Undefined variable $extend
in APPPATH\Views\mahasiswa\detail.php on line 1.
 1 APPPATH\Views\mahasiswa\detail.php(1): CodeIgniter\Debug\Exceptions->errorHandler(2, 'Undefined variable $extend', 'C:\\xampp\\htdocs\\mahasiswa\\app\\Views\\mahasiswa\\detail.php', 1)
 2 SYSTEMPATH\View\View.php(213): include('C:\\xampp\\htdocs\\mahasiswa\\app\\Views\\mahasiswa\\detail.php')
 3 SYSTEMPATH\View\View.php(216): CodeIgniter\View\View->CodeIgniter\View\{closure}()
 4 SYSTEMPATH\Common.php(1184): CodeIgniter\View\View->render('mahasiswa/detail', [], true)
 5 APPPATH\Controllers\Mahasiswa.php(40): view('mahasiswa/detail')
 6 SYSTEMPATH\CodeIgniter.php(934): App\Controllers\Mahasiswa->detail()
 7 SYSTEMPATH\CodeIgniter.php(499): CodeIgniter\CodeIgniter->runController(Object(App\Controllers\Mahasiswa))
 8 SYSTEMPATH\CodeIgniter.php(368): CodeIgniter\CodeIgniter->handleRequest(null, Object(Config\Cache), false)
 9 FCPATH\index.php(67): CodeIgniter\CodeIgniter->run()
10 SYSTEMPATH\Commands\Server\rewrite.php(47): require_once('C:\\xampp\\htdocs\\mahasiswa\\public\\index.php')
CRITICAL - 2023-06-23 09:26:49 --> Invalid file: "template/mahasiswa.php"
in SYSTEMPATH\Exceptions\FrameworkException.php on line 33.
 1 SYSTEMPATH\View\View.php(201): CodeIgniter\Exceptions\FrameworkException::forInvalidFile('template/mahasiswa.php')
 2 SYSTEMPATH\View\View.php(229): CodeIgniter\View\View->render('template/mahasiswa', [], true)
 3 SYSTEMPATH\Common.php(1184): CodeIgniter\View\View->render('mahasiswa/detail', [], true)
 4 APPPATH\Controllers\Mahasiswa.php(40): view('mahasiswa/detail')
 5 SYSTEMPATH\CodeIgniter.php(934): App\Controllers\Mahasiswa->detail()
 6 SYSTEMPATH\CodeIgniter.php(499): CodeIgniter\CodeIgniter->runController(Object(App\Controllers\Mahasiswa))
 7 SYSTEMPATH\CodeIgniter.php(368): CodeIgniter\CodeIgniter->handleRequest(null, Object(Config\Cache), false)
 8 FCPATH\index.php(67): CodeIgniter\CodeIgniter->run()
 9 SYSTEMPATH\Commands\Server\rewrite.php(47): require_once('C:\\xampp\\htdocs\\mahasiswa\\public\\index.php')
CRITICAL - 2023-06-23 09:28:18 --> Invalid file: "template/mahasiswa.php"
in SYSTEMPATH\Exceptions\FrameworkException.php on line 33.
 1 SYSTEMPATH\View\View.php(201): CodeIgniter\Exceptions\FrameworkException::forInvalidFile('template/mahasiswa.php')
 2 SYSTEMPATH\View\View.php(229): CodeIgniter\View\View->render('template/mahasiswa', [], true)
 3 SYSTEMPATH\Common.php(1184): CodeIgniter\View\View->render('mahasiswa/detail', [], true)
 4 APPPATH\Controllers\Mahasiswa.php(40): view('mahasiswa/detail')
 5 SYSTEMPATH\CodeIgniter.php(934): App\Controllers\Mahasiswa->detail()
 6 SYSTEMPATH\CodeIgniter.php(499): CodeIgniter\CodeIgniter->runController(Object(App\Controllers\Mahasiswa))
 7 SYSTEMPATH\CodeIgniter.php(368): CodeIgniter\CodeIgniter->handleRequest(null, Object(Config\Cache), false)
 8 FCPATH\index.php(67): CodeIgniter\CodeIgniter->run()
 9 SYSTEMPATH\Commands\Server\rewrite.php(47): require_once('C:\\xampp\\htdocs\\mahasiswa\\public\\index.php')
CRITICAL - 2023-06-23 09:28:25 --> Invalid file: "template/mahasiswa.php"
in SYSTEMPATH\Exceptions\FrameworkException.php on line 33.
 1 SYSTEMPATH\View\View.php(201): CodeIgniter\Exceptions\FrameworkException::forInvalidFile('template/mahasiswa.php')
 2 SYSTEMPATH\View\View.php(229): CodeIgniter\View\View->render('template/mahasiswa', [], true)
 3 SYSTEMPATH\Common.php(1184): CodeIgniter\View\View->render('mahasiswa/detail', [], true)
 4 APPPATH\Controllers\Mahasiswa.php(40): view('mahasiswa/detail')
 5 SYSTEMPATH\CodeIgniter.php(934): App\Controllers\Mahasiswa->detail()
 6 SYSTEMPATH\CodeIgniter.php(499): CodeIgniter\CodeIgniter->runController(Object(App\Controllers\Mahasiswa))
 7 SYSTEMPATH\CodeIgniter.php(368): CodeIgniter\CodeIgniter->handleRequest(null, Object(Config\Cache), false)
 8 FCPATH\index.php(67): CodeIgniter\CodeIgniter->run()
 9 SYSTEMPATH\Commands\Server\rewrite.php(47): require_once('C:\\xampp\\htdocs\\mahasiswa\\public\\index.php')
CRITICAL - 2023-06-23 09:31:56 --> Invalid file: "template/mahasiswa.php"
in SYSTEMPATH\Exceptions\FrameworkException.php on line 33.
 1 SYSTEMPATH\View\View.php(201): CodeIgniter\Exceptions\FrameworkException::forInvalidFile('template/mahasiswa.php')
 2 SYSTEMPATH\View\View.php(229): CodeIgniter\View\View->render('template/mahasiswa', [], true)
 3 SYSTEMPATH\Common.php(1184): CodeIgniter\View\View->render('mahasiswa/detail', [], true)
 4 APPPATH\Controllers\Mahasiswa.php(40): view('mahasiswa/detail', [...])
 5 SYSTEMPATH\CodeIgniter.php(934): App\Controllers\Mahasiswa->detail()
 6 SYSTEMPATH\CodeIgniter.php(499): CodeIgniter\CodeIgniter->runController(Object(App\Controllers\Mahasiswa))
 7 SYSTEMPATH\CodeIgniter.php(368): CodeIgniter\CodeIgniter->handleRequest(null, Object(Config\Cache), false)
 8 FCPATH\index.php(67): CodeIgniter\CodeIgniter->run()
 9 SYSTEMPATH\Commands\Server\rewrite.php(47): require_once('C:\\xampp\\htdocs\\mahasiswa\\public\\index.php')
CRITICAL - 2023-06-23 09:31:57 --> Invalid file: "template/mahasiswa.php"
in SYSTEMPATH\Exceptions\FrameworkException.php on line 33.
 1 SYSTEMPATH\View\View.php(201): CodeIgniter\Exceptions\FrameworkException::forInvalidFile('template/mahasiswa.php')
 2 SYSTEMPATH\View\View.php(229): CodeIgniter\View\View->render('template/mahasiswa', [], true)
 3 SYSTEMPATH\Common.php(1184): CodeIgniter\View\View->render('mahasiswa/detail', [], true)
 4 APPPATH\Controllers\Mahasiswa.php(40): view('mahasiswa/detail', [...])
 5 SYSTEMPATH\CodeIgniter.php(934): App\Controllers\Mahasiswa->detail()
 6 SYSTEMPATH\CodeIgniter.php(499): CodeIgniter\CodeIgniter->runController(Object(App\Controllers\Mahasiswa))
 7 SYSTEMPATH\CodeIgniter.php(368): CodeIgniter\CodeIgniter->handleRequest(null, Object(Config\Cache), false)
 8 FCPATH\index.php(67): CodeIgniter\CodeIgniter->run()
 9 SYSTEMPATH\Commands\Server\rewrite.php(47): require_once('C:\\xampp\\htdocs\\mahasiswa\\public\\index.php')
CRITICAL - 2023-06-23 09:32:03 --> Invalid file: "template/mahasiswa.php"
in SYSTEMPATH\Exceptions\FrameworkException.php on line 33.
 1 SYSTEMPATH\View\View.php(201): CodeIgniter\Exceptions\FrameworkException::forInvalidFile('template/mahasiswa.php')
 2 SYSTEMPATH\View\View.php(229): CodeIgniter\View\View->render('template/mahasiswa', [], true)
 3 SYSTEMPATH\Common.php(1184): CodeIgniter\View\View->render('mahasiswa/detail', [], true)
 4 APPPATH\Controllers\Mahasiswa.php(40): view('mahasiswa/detail', [...])
 5 SYSTEMPATH\CodeIgniter.php(934): App\Controllers\Mahasiswa->detail()
 6 SYSTEMPATH\CodeIgniter.php(499): CodeIgniter\CodeIgniter->runController(Object(App\Controllers\Mahasiswa))
 7 SYSTEMPATH\CodeIgniter.php(368): CodeIgniter\CodeIgniter->handleRequest(null, Object(Config\Cache), false)
 8 FCPATH\index.php(67): CodeIgniter\CodeIgniter->run()
 9 SYSTEMPATH\Commands\Server\rewrite.php(47): require_once('C:\\xampp\\htdocs\\mahasiswa\\public\\index.php')
