CRITICAL - 2023-07-22 06:34:59 --> Invalid file: "template/pages.php"
in SYSTEMPATH\Exceptions\FrameworkException.php on line 33.
 1 SYSTEMPATH\View\View.php(201): CodeIgniter\Exceptions\FrameworkException::forInvalidFile('template/pages.php')
 2 SYSTEMPATH\Common.php(1184): CodeIgniter\View\View->render('template/pages', [], true)
 3 APPPATH\Controllers\Mahasiswa.php(9): view('template/pages')
 4 SYSTEMPATH\CodeIgniter.php(934): App\Controllers\Mahasiswa->index()
 5 SYSTEMPATH\CodeIgniter.php(499): CodeIgniter\CodeIgniter->runController(Object(App\Controllers\Mahasiswa))
 6 SYSTEMPATH\CodeIgniter.php(368): CodeIgniter\CodeIgniter->handleRequest(null, Object(Config\Cache), false)
 7 FCPATH\index.php(67): CodeIgniter\CodeIgniter->run()
 8 SYSTEMPATH\Commands\Server\rewrite.php(47): require_once('C:\\xampp\\htdocs\\mahasiswa\\public\\index.php')
CRITICAL - 2023-07-22 10:35:59 --> Call to undefined method CodeIgniter\View\View::Sectionrender()
in APPPATH\Views\layout\template.php on line 15.
 1 SYSTEMPATH\View\View.php(213): include()
 2 SYSTEMPATH\View\View.php(216): CodeIgniter\View\View->CodeIgniter\View\{closure}()
 3 SYSTEMPATH\View\View.php(229): CodeIgniter\View\View->render('layout/template', [], true)
 4 SYSTEMPATH\Common.php(1184): CodeIgniter\View\View->render('mahasiswa/home', [], true)
 5 APPPATH\Controllers\Mahasiswa.php(12): view('mahasiswa/home', [...])
 6 SYSTEMPATH\CodeIgniter.php(934): App\Controllers\Mahasiswa->index()
 7 SYSTEMPATH\CodeIgniter.php(499): CodeIgniter\CodeIgniter->runController(Object(App\Controllers\Mahasiswa))
 8 SYSTEMPATH\CodeIgniter.php(368): CodeIgniter\CodeIgniter->handleRequest(null, Object(Config\Cache), false)
 9 FCPATH\index.php(67): CodeIgniter\CodeIgniter->run()
10 SYSTEMPATH\Commands\Server\rewrite.php(47): require_once('C:\\xampp\\htdocs\\mahasiswa\\public\\index.php')
CRITICAL - 2023-07-22 11:07:35 --> Invalid file: "navbar.php"
in SYSTEMPATH\Exceptions\FrameworkException.php on line 33.
 1 SYSTEMPATH\View\View.php(201): CodeIgniter\Exceptions\FrameworkException::forInvalidFile('navbar.php')
 2 SYSTEMPATH\View\View.php(431): CodeIgniter\View\View->render('navbar', null, true)
 3 APPPATH\Views\layout\template.php(17): CodeIgniter\View\View->include('navbar')
 4 SYSTEMPATH\View\View.php(213): include('C:\\xampp\\htdocs\\mahasiswa\\app\\Views\\layout\\template.php')
 5 SYSTEMPATH\View\View.php(216): CodeIgniter\View\View->CodeIgniter\View\{closure}()
 6 SYSTEMPATH\View\View.php(229): CodeIgniter\View\View->render('layout/template', [], true)
 7 SYSTEMPATH\Common.php(1184): CodeIgniter\View\View->render('mahasiswa/home', [], true)
 8 APPPATH\Controllers\Mahasiswa.php(12): view('mahasiswa/home', [...])
 9 SYSTEMPATH\CodeIgniter.php(934): App\Controllers\Mahasiswa->index()
10 SYSTEMPATH\CodeIgniter.php(499): CodeIgniter\CodeIgniter->runController(Object(App\Controllers\Mahasiswa))
11 SYSTEMPATH\CodeIgniter.php(368): CodeIgniter\CodeIgniter->handleRequest(null, Object(Config\Cache), false)
12 FCPATH\index.php(67): CodeIgniter\CodeIgniter->run()
13 SYSTEMPATH\Commands\Server\rewrite.php(47): require_once('C:\\xampp\\htdocs\\mahasiswa\\public\\index.php')
CRITICAL - 2023-07-22 11:42:02 --> Invalid file: "contact.php"
in SYSTEMPATH\Exceptions\FrameworkException.php on line 33.
 1 SYSTEMPATH\View\View.php(201): CodeIgniter\Exceptions\FrameworkException::forInvalidFile('contact.php')
 2 SYSTEMPATH\Common.php(1184): CodeIgniter\View\View->render('contact', [], true)
 3 APPPATH\Controllers\Mahasiswa.php(26): view('contact', [...])
 4 SYSTEMPATH\CodeIgniter.php(934): App\Controllers\Mahasiswa->contact()
 5 SYSTEMPATH\CodeIgniter.php(499): CodeIgniter\CodeIgniter->runController(Object(App\Controllers\Mahasiswa))
 6 SYSTEMPATH\CodeIgniter.php(368): CodeIgniter\CodeIgniter->handleRequest(null, Object(Config\Cache), false)
 7 FCPATH\index.php(67): CodeIgniter\CodeIgniter->run()
 8 SYSTEMPATH\Commands\Server\rewrite.php(47): require_once('C:\\xampp\\htdocs\\mahasiswa\\public\\index.php')
CRITICAL - 2023-07-22 12:09:41 --> Invalid file: "contact.php"
in SYSTEMPATH\Exceptions\FrameworkException.php on line 33.
 1 SYSTEMPATH\View\View.php(201): CodeIgniter\Exceptions\FrameworkException::forInvalidFile('contact.php')
 2 SYSTEMPATH\Common.php(1184): CodeIgniter\View\View->render('contact', [], true)
 3 APPPATH\Controllers\Mahasiswa.php(26): view('contact', [...])
 4 SYSTEMPATH\CodeIgniter.php(934): App\Controllers\Mahasiswa->contact()
 5 SYSTEMPATH\CodeIgniter.php(499): CodeIgniter\CodeIgniter->runController(Object(App\Controllers\Mahasiswa))
 6 SYSTEMPATH\CodeIgniter.php(368): CodeIgniter\CodeIgniter->handleRequest(null, Object(Config\Cache), false)
 7 FCPATH\index.php(67): CodeIgniter\CodeIgniter->run()
 8 SYSTEMPATH\Commands\Server\rewrite.php(47): require_once('C:\\xampp\\htdocs\\mahasiswa\\public\\index.php')
CRITICAL - 2023-07-22 12:09:42 --> Invalid file: "contact.php"
in SYSTEMPATH\Exceptions\FrameworkException.php on line 33.
 1 SYSTEMPATH\View\View.php(201): CodeIgniter\Exceptions\FrameworkException::forInvalidFile('contact.php')
 2 SYSTEMPATH\Common.php(1184): CodeIgniter\View\View->render('contact', [], true)
 3 APPPATH\Controllers\Mahasiswa.php(26): view('contact', [...])
 4 SYSTEMPATH\CodeIgniter.php(934): App\Controllers\Mahasiswa->contact()
 5 SYSTEMPATH\CodeIgniter.php(499): CodeIgniter\CodeIgniter->runController(Object(App\Controllers\Mahasiswa))
 6 SYSTEMPATH\CodeIgniter.php(368): CodeIgniter\CodeIgniter->handleRequest(null, Object(Config\Cache), false)
 7 FCPATH\index.php(67): CodeIgniter\CodeIgniter->run()
 8 SYSTEMPATH\Commands\Server\rewrite.php(47): require_once('C:\\xampp\\htdocs\\mahasiswa\\public\\index.php')
CRITICAL - 2023-07-22 12:09:52 --> Invalid file: "contact.php"
in SYSTEMPATH\Exceptions\FrameworkException.php on line 33.
 1 SYSTEMPATH\View\View.php(201): CodeIgniter\Exceptions\FrameworkException::forInvalidFile('contact.php')
 2 SYSTEMPATH\Common.php(1184): CodeIgniter\View\View->render('contact', [], true)
 3 APPPATH\Controllers\Mahasiswa.php(26): view('contact', [...])
 4 SYSTEMPATH\CodeIgniter.php(934): App\Controllers\Mahasiswa->contact()
 5 SYSTEMPATH\CodeIgniter.php(499): CodeIgniter\CodeIgniter->runController(Object(App\Controllers\Mahasiswa))
 6 SYSTEMPATH\CodeIgniter.php(368): CodeIgniter\CodeIgniter->handleRequest(null, Object(Config\Cache), false)
 7 FCPATH\index.php(67): CodeIgniter\CodeIgniter->run()
 8 SYSTEMPATH\Commands\Server\rewrite.php(47): require_once('C:\\xampp\\htdocs\\mahasiswa\\public\\index.php')
CRITICAL - 2023-07-22 13:37:22 --> syntax error, unexpected end of file
in APPPATH\Views\mahasiswa\datamahasiswa.php on line 42.
 1 SYSTEMPATH\View\View.php(216): CodeIgniter\View\View->CodeIgniter\View\{closure}()
 2 SYSTEMPATH\Common.php(1184): CodeIgniter\View\View->render('mahasiswa/datamahasiswa', [], true)
 3 APPPATH\Controllers\Mahasiswa.php(30): view('mahasiswa/datamahasiswa', [...])
 4 SYSTEMPATH\CodeIgniter.php(934): App\Controllers\Mahasiswa->datamahasiswa()
 5 SYSTEMPATH\CodeIgniter.php(499): CodeIgniter\CodeIgniter->runController(Object(App\Controllers\Mahasiswa))
 6 SYSTEMPATH\CodeIgniter.php(368): CodeIgniter\CodeIgniter->handleRequest(null, Object(Config\Cache), false)
 7 FCPATH\index.php(67): CodeIgniter\CodeIgniter->run()
 8 SYSTEMPATH\Commands\Server\rewrite.php(47): require_once('C:\\xampp\\htdocs\\mahasiswa\\public\\index.php')
CRITICAL - 2023-07-22 14:49:05 --> syntax error, unexpected end of file
in APPPATH\Views\mahasiswa\datamahasiswa.php on line 38.
 1 SYSTEMPATH\View\View.php(216): CodeIgniter\View\View->CodeIgniter\View\{closure}()
 2 SYSTEMPATH\Common.php(1184): CodeIgniter\View\View->render('mahasiswa/datamahasiswa', [], true)
 3 APPPATH\Controllers\Mahasiswa.php(30): view('mahasiswa/datamahasiswa', [...])
 4 SYSTEMPATH\CodeIgniter.php(934): App\Controllers\Mahasiswa->datamahasiswa()
 5 SYSTEMPATH\CodeIgniter.php(499): CodeIgniter\CodeIgniter->runController(Object(App\Controllers\Mahasiswa))
 6 SYSTEMPATH\CodeIgniter.php(368): CodeIgniter\CodeIgniter->handleRequest(null, Object(Config\Cache), false)
 7 FCPATH\index.php(67): CodeIgniter\CodeIgniter->run()
 8 SYSTEMPATH\Commands\Server\rewrite.php(47): require_once('C:\\xampp\\htdocs\\mahasiswa\\public\\index.php')
CRITICAL - 2023-07-22 14:53:18 --> Undefined array key "telpon"
in APPPATH\Views\mahasiswa\datamahasiswa.php on line 29.
 1 APPPATH\Views\mahasiswa\datamahasiswa.php(29): CodeIgniter\Debug\Exceptions->errorHandler(2, 'Undefined array key "telpon"', 'C:\\xampp\\htdocs\\mahasiswa\\app\\Views\\mahasiswa\\datamahasiswa.php', 29)
 2 SYSTEMPATH\View\View.php(213): include('C:\\xampp\\htdocs\\mahasiswa\\app\\Views\\mahasiswa\\datamahasiswa.php')
 3 SYSTEMPATH\View\View.php(216): CodeIgniter\View\View->CodeIgniter\View\{closure}()
 4 SYSTEMPATH\Common.php(1184): CodeIgniter\View\View->render('mahasiswa/datamahasiswa', [], true)
 5 APPPATH\Controllers\Mahasiswa.php(30): view('mahasiswa/datamahasiswa', [...])
 6 SYSTEMPATH\CodeIgniter.php(934): App\Controllers\Mahasiswa->datamahasiswa()
 7 SYSTEMPATH\CodeIgniter.php(499): CodeIgniter\CodeIgniter->runController(Object(App\Controllers\Mahasiswa))
 8 SYSTEMPATH\CodeIgniter.php(368): CodeIgniter\CodeIgniter->handleRequest(null, Object(Config\Cache), false)
 9 FCPATH\index.php(67): CodeIgniter\CodeIgniter->run()
10 SYSTEMPATH\Commands\Server\rewrite.php(47): require_once('C:\\xampp\\htdocs\\mahasiswa\\public\\index.php')
CRITICAL - 2023-07-22 16:37:13 --> Undefined variable $mhs
in APPPATH\Views\mahasiswa\detail.php on line 11.
 1 APPPATH\Views\mahasiswa\detail.php(11): CodeIgniter\Debug\Exceptions->errorHandler(2, 'Undefined variable $mhs', 'C:\\xampp\\htdocs\\mahasiswa\\app\\Views\\mahasiswa\\detail.php', 11)
 2 SYSTEMPATH\View\View.php(213): include('C:\\xampp\\htdocs\\mahasiswa\\app\\Views\\mahasiswa\\detail.php')
 3 SYSTEMPATH\View\View.php(216): CodeIgniter\View\View->CodeIgniter\View\{closure}()
 4 SYSTEMPATH\Common.php(1184): CodeIgniter\View\View->render('/mahasiswa/detail', [], true)
 5 APPPATH\Controllers\Mahasiswa.php(41): view('/mahasiswa/detail', [...])
 6 SYSTEMPATH\CodeIgniter.php(934): App\Controllers\Mahasiswa->detail('siti-chujaimah')
 7 SYSTEMPATH\CodeIgniter.php(499): CodeIgniter\CodeIgniter->runController(Object(App\Controllers\Mahasiswa))
 8 SYSTEMPATH\CodeIgniter.php(368): CodeIgniter\CodeIgniter->handleRequest(null, Object(Config\Cache), false)
 9 FCPATH\index.php(67): CodeIgniter\CodeIgniter->run()
10 SYSTEMPATH\Commands\Server\rewrite.php(47): require_once('C:\\xampp\\htdocs\\mahasiswa\\public\\index.php')
CRITICAL - 2023-07-22 16:38:17 --> Undefined variable $mhs
in APPPATH\Views\mahasiswa\detail.php on line 11.
 1 APPPATH\Views\mahasiswa\detail.php(11): CodeIgniter\Debug\Exceptions->errorHandler(2, 'Undefined variable $mhs', 'C:\\xampp\\htdocs\\mahasiswa\\app\\Views\\mahasiswa\\detail.php', 11)
 2 SYSTEMPATH\View\View.php(213): include('C:\\xampp\\htdocs\\mahasiswa\\app\\Views\\mahasiswa\\detail.php')
 3 SYSTEMPATH\View\View.php(216): CodeIgniter\View\View->CodeIgniter\View\{closure}()
 4 SYSTEMPATH\Common.php(1184): CodeIgniter\View\View->render('/mahasiswa/detail', [], true)
 5 APPPATH\Controllers\Mahasiswa.php(41): view('/mahasiswa/detail', [...])
 6 SYSTEMPATH\CodeIgniter.php(934): App\Controllers\Mahasiswa->detail('siti-chujaimah')
 7 SYSTEMPATH\CodeIgniter.php(499): CodeIgniter\CodeIgniter->runController(Object(App\Controllers\Mahasiswa))
 8 SYSTEMPATH\CodeIgniter.php(368): CodeIgniter\CodeIgniter->handleRequest(null, Object(Config\Cache), false)
 9 FCPATH\index.php(67): CodeIgniter\CodeIgniter->run()
10 SYSTEMPATH\Commands\Server\rewrite.php(47): require_once('C:\\xampp\\htdocs\\mahasiswa\\public\\index.php')
CRITICAL - 2023-07-22 16:38:49 --> Undefined variable $mhs
in APPPATH\Views\mahasiswa\detail.php on line 11.
 1 APPPATH\Views\mahasiswa\detail.php(11): CodeIgniter\Debug\Exceptions->errorHandler(2, 'Undefined variable $mhs', 'C:\\xampp\\htdocs\\mahasiswa\\app\\Views\\mahasiswa\\detail.php', 11)
 2 SYSTEMPATH\View\View.php(213): include('C:\\xampp\\htdocs\\mahasiswa\\app\\Views\\mahasiswa\\detail.php')
 3 SYSTEMPATH\View\View.php(216): CodeIgniter\View\View->CodeIgniter\View\{closure}()
 4 SYSTEMPATH\Common.php(1184): CodeIgniter\View\View->render('/mahasiswa/detail', [], true)
 5 APPPATH\Controllers\Mahasiswa.php(41): view('/mahasiswa/detail', [...])
 6 SYSTEMPATH\CodeIgniter.php(934): App\Controllers\Mahasiswa->detail('mauludin-adam')
 7 SYSTEMPATH\CodeIgniter.php(499): CodeIgniter\CodeIgniter->runController(Object(App\Controllers\Mahasiswa))
 8 SYSTEMPATH\CodeIgniter.php(368): CodeIgniter\CodeIgniter->handleRequest(null, Object(Config\Cache), false)
 9 FCPATH\index.php(67): CodeIgniter\CodeIgniter->run()
10 SYSTEMPATH\Commands\Server\rewrite.php(47): require_once('C:\\xampp\\htdocs\\mahasiswa\\public\\index.php')
